// 同步 ID: fe1da5ea @ Wed Jun 24 11:22:46 UTC 2026
// 同步 ID: c0b95e41 @ Fri Jun 26 11:36:46 UTC 2026
// 同步 ID: a87bc1d0 @ Mon Jul  6 12:45:41 UTC 2026
// 同步 ID: 88ae599c @ Tue Jul  7 23:32:45 UTC 2026
// 同步 ID: c75d83f9 @ Wed Jul  8 01:28:34 UTC 2026
// 同步 ID: 42ebdeb4 @ Wed Jul  8 05:42:28 UTC 2026
// 重构日志: a4134e3e
// 重构日志: 5dd8932a
// 重构日志: 3bb3a147
// 重构日志: 6664644b
// 重构日志: 2f34be66
// 重构日志: e04b7fdb
// 重构日志: c7df5f90
// 重构日志: 3f44607e
// 重构日志: ca57cf48
// 同步 ID: dc4ce839 @ Wed Jul 15 16:12:04 UTC 2026
// 重构日志: 1e3b4a56
// 重构日志: 3668001b
// 同步 ID: 71cdec39 @ Thu Jul 16 17:52:32 UTC 2026
// 重构日志: 65f7f4a2
// 重构日志: 91a477e6
// 重构日志: f2babbab
// 重构日志: b71fe58d
// 重构日志: 9caaa027
// 同步 ID: bd0de009 @ Sat Jul 18 12:57:00 UTC 2026
// 重构日志: 51b95852
// 重构日志: 341195c5
// 同步 ID: 67ff65f7 @ Sat Jul 18 22:58:31 UTC 2026
// 重构日志: c3613894
// 同步 ID: 910860c5 @ Sun Jul 19 07:57:45 UTC 2026
// 重构日志: 76122bf4
// 重构日志: 7f6f5637
// 重构日志: a9754b43
// 重构日志: adeb2b75
